Compiling the C compiler identification source file "CMakeCCompilerId.c" failed.
Compiler: C:/SDKs/AXCF2152/2020.0/sysroots/x86_64-pokysdk-mingw32/usr/bin/arm-pxc-linux-gnueabi/arm-pxc-linux-gnueabi-gcc.exe 
Build flags: ;-mthumb;-mfpu=neon;-mfloat-abi=hard;-mcpu=cortex-a9
Id flags:  

The output was:
1
c:/sdks/axcf2152/2020.0/sysroots/x86_64-pokysdk-mingw32/usr/bin/arm-pxc-linux-gnueabi/../../libexec/arm-pxc-linux-gnueabi/gcc/arm-pxc-linux-gnueabi/8.3.0/real-ld.exe: cannot find Scrt1.o: No such file or directory
c:/sdks/axcf2152/2020.0/sysroots/x86_64-pokysdk-mingw32/usr/bin/arm-pxc-linux-gnueabi/../../libexec/arm-pxc-linux-gnueabi/gcc/arm-pxc-linux-gnueabi/8.3.0/real-ld.exe: cannot find crti.o: No such file or directory
c:/sdks/axcf2152/2020.0/sysroots/x86_64-pokysdk-mingw32/usr/bin/arm-pxc-linux-gnueabi/../../libexec/arm-pxc-linux-gnueabi/gcc/arm-pxc-linux-gnueabi/8.3.0/real-ld.exe: cannot find crtbeginS.o: No such file or directory
c:/sdks/axcf2152/2020.0/sysroots/x86_64-pokysdk-mingw32/usr/bin/arm-pxc-linux-gnueabi/../../libexec/arm-pxc-linux-gnueabi/gcc/arm-pxc-linux-gnueabi/8.3.0/real-ld.exe: cannot find -lgcc
c:/sdks/axcf2152/2020.0/sysroots/x86_64-pokysdk-mingw32/usr/bin/arm-pxc-linux-gnueabi/../../libexec/arm-pxc-linux-gnueabi/gcc/arm-pxc-linux-gnueabi/8.3.0/real-ld.exe: cannot find -lgcc_s
c:/sdks/axcf2152/2020.0/sysroots/x86_64-pokysdk-mingw32/usr/bin/arm-pxc-linux-gnueabi/../../libexec/arm-pxc-linux-gnueabi/gcc/arm-pxc-linux-gnueabi/8.3.0/real-ld.exe: cannot find -lc
c:/sdks/axcf2152/2020.0/sysroots/x86_64-pokysdk-mingw32/usr/bin/arm-pxc-linux-gnueabi/../../libexec/arm-pxc-linux-gnueabi/gcc/arm-pxc-linux-gnueabi/8.3.0/real-ld.exe: cannot find -lgcc
c:/sdks/axcf2152/2020.0/sysroots/x86_64-pokysdk-mingw32/usr/bin/arm-pxc-linux-gnueabi/../../libexec/arm-pxc-linux-gnueabi/gcc/arm-pxc-linux-gnueabi/8.3.0/real-ld.exe: cannot find -lgcc_s
c:/sdks/axcf2152/2020.0/sysroots/x86_64-pokysdk-mingw32/usr/bin/arm-pxc-linux-gnueabi/../../libexec/arm-pxc-linux-gnueabi/gcc/arm-pxc-linux-gnueabi/8.3.0/real-ld.exe: cannot find crtendS.o: No such file or directory
c:/sdks/axcf2152/2020.0/sysroots/x86_64-pokysdk-mingw32/usr/bin/arm-pxc-linux-gnueabi/../../libexec/arm-pxc-linux-gnueabi/gcc/arm-pxc-linux-gnueabi/8.3.0/real-ld.exe: cannot find crtn.o: No such file or directory
collect2.exe: error: ld returned 1 exit status


Compiling the CXX compiler identification source file "CMakeCXXCompilerId.cpp" failed.
Compiler: C:/SDKs/AXCF2152/2020.0/sysroots/x86_64-pokysdk-mingw32/usr/bin/arm-pxc-linux-gnueabi/arm-pxc-linux-gnueabi-g++.exe 
Build flags: ;-mthumb;-mfpu=neon;-mfloat-abi=hard;-mcpu=cortex-a9
Id flags:  

The output was:
1
c:/sdks/axcf2152/2020.0/sysroots/x86_64-pokysdk-mingw32/usr/bin/arm-pxc-linux-gnueabi/../../libexec/arm-pxc-linux-gnueabi/gcc/arm-pxc-linux-gnueabi/8.3.0/real-ld.exe: cannot find Scrt1.o: No such file or directory
c:/sdks/axcf2152/2020.0/sysroots/x86_64-pokysdk-mingw32/usr/bin/arm-pxc-linux-gnueabi/../../libexec/arm-pxc-linux-gnueabi/gcc/arm-pxc-linux-gnueabi/8.3.0/real-ld.exe: cannot find crti.o: No such file or directory
c:/sdks/axcf2152/2020.0/sysroots/x86_64-pokysdk-mingw32/usr/bin/arm-pxc-linux-gnueabi/../../libexec/arm-pxc-linux-gnueabi/gcc/arm-pxc-linux-gnueabi/8.3.0/real-ld.exe: cannot find crtbeginS.o: No such file or directory
c:/sdks/axcf2152/2020.0/sysroots/x86_64-pokysdk-mingw32/usr/bin/arm-pxc-linux-gnueabi/../../libexec/arm-pxc-linux-gnueabi/gcc/arm-pxc-linux-gnueabi/8.3.0/real-ld.exe: cannot find -lstdc++
c:/sdks/axcf2152/2020.0/sysroots/x86_64-pokysdk-mingw32/usr/bin/arm-pxc-linux-gnueabi/../../libexec/arm-pxc-linux-gnueabi/gcc/arm-pxc-linux-gnueabi/8.3.0/real-ld.exe: cannot find -lm
c:/sdks/axcf2152/2020.0/sysroots/x86_64-pokysdk-mingw32/usr/bin/arm-pxc-linux-gnueabi/../../libexec/arm-pxc-linux-gnueabi/gcc/arm-pxc-linux-gnueabi/8.3.0/real-ld.exe: cannot find -lgcc_s
c:/sdks/axcf2152/2020.0/sysroots/x86_64-pokysdk-mingw32/usr/bin/arm-pxc-linux-gnueabi/../../libexec/arm-pxc-linux-gnueabi/gcc/arm-pxc-linux-gnueabi/8.3.0/real-ld.exe: cannot find -lgcc
c:/sdks/axcf2152/2020.0/sysroots/x86_64-pokysdk-mingw32/usr/bin/arm-pxc-linux-gnueabi/../../libexec/arm-pxc-linux-gnueabi/gcc/arm-pxc-linux-gnueabi/8.3.0/real-ld.exe: cannot find -lc
c:/sdks/axcf2152/2020.0/sysroots/x86_64-pokysdk-mingw32/usr/bin/arm-pxc-linux-gnueabi/../../libexec/arm-pxc-linux-gnueabi/gcc/arm-pxc-linux-gnueabi/8.3.0/real-ld.exe: cannot find -lgcc_s
c:/sdks/axcf2152/2020.0/sysroots/x86_64-pokysdk-mingw32/usr/bin/arm-pxc-linux-gnueabi/../../libexec/arm-pxc-linux-gnueabi/gcc/arm-pxc-linux-gnueabi/8.3.0/real-ld.exe: cannot find -lgcc
c:/sdks/axcf2152/2020.0/sysroots/x86_64-pokysdk-mingw32/usr/bin/arm-pxc-linux-gnueabi/../../libexec/arm-pxc-linux-gnueabi/gcc/arm-pxc-linux-gnueabi/8.3.0/real-ld.exe: cannot find crtendS.o: No such file or directory
c:/sdks/axcf2152/2020.0/sysroots/x86_64-pokysdk-mingw32/usr/bin/arm-pxc-linux-gnueabi/../../libexec/arm-pxc-linux-gnueabi/gcc/arm-pxc-linux-gnueabi/8.3.0/real-ld.exe: cannot find crtn.o: No such file or directory
collect2.exe: error: ld returned 1 exit status


